app/build/intermediates/manifest_merge_blame_file/debug/processDebugMainManifest/manifest-merger-blame-debug-report.txt
1<?xml version="1.0" encoding="utf-8"?>
2<manifest xmlns:android="http://schemas.android.com/apk/res/android"
3    package="com.apple.quickscan"
4    android:versionCode="1"
5    android:versionName="1.0.0" >
6
7    <uses-sdk
8        android:minSdkVersion="26"
9        android:targetSdkVersion="35" />
10
11    <uses-permission android:name="android.permission.CAMERA" />
11-->src\main\AndroidManifest.xml:5:5-65
11-->src\main\AndroidManifest.xml:5:22-62
12    <uses-permission android:name="android.permission.VIBRATE" />
12-->src\main\AndroidManifest.xml:6:5-66
12-->src\main\AndroidManifest.xml:6:22-63
13    <uses-permission android:name="android.permission.INTERNET" />
13-->src\main\AndroidManifest.xml:7:5-67
13-->src\main\AndroidManifest.xml:7:22-64
14
15    <uses-feature
15-->src\main\AndroidManifest.xml:9:5-11:36
16        android:name="android.hardware.camera"
16-->src\main\AndroidManifest.xml:10:9-47
17        android:required="false" />
17-->src\main\AndroidManifest.xml:11:9-33
18    <uses-feature
18-->src\main\AndroidManifest.xml:12:5-14:36
19        android:name="android.hardware.camera.autofocus"
19-->src\main\AndroidManifest.xml:13:9-57
20        android:required="false" />
20-->src\main\AndroidManifest.xml:14:9-33
21    <uses-feature
21-->src\main\AndroidManifest.xml:15:5-17:36
22        android:name="android.hardware.camera.flash"
22-->src\main\AndroidManifest.xml:16:9-53
23        android:required="false" />
23-->src\main\AndroidManifest.xml:17:9-33
24
25    <permission
25-->[androidx.core:core:1.15.0] AndroidManifest.xml:22:5-24:47
26        android:name="com.apple.quickscan.DYNAMIC_RECEIVER_NOT_EXPORTED_PERMISSION"
26-->[androidx.core:core:1.15.0] AndroidManifest.xml:23:9-81
27        android:protectionLevel="signature" />
27-->[androidx.core:core:1.15.0] AndroidManifest.xml:24:9-44
28
29    <uses-permission android:name="com.apple.quickscan.DYNAMIC_RECEIVER_NOT_EXPORTED_PERMISSION" /> <!-- Although the *SdkVersion is captured in gradle build files, this is required for non gradle builds -->
29-->[androidx.core:core:1.15.0] AndroidManifest.xml:26:5-97
29-->[androidx.core:core:1.15.0] AndroidManifest.xml:26:22-94
30    <!-- <uses-sdk android:minSdkVersion="14"/> -->
31    <uses-permission android:name="android.permission.ACCESS_NETWORK_STATE" />
31-->[com.google.android.datatransport:transport-backend-cct:2.3.3] AndroidManifest.xml:25:5-79
31-->[com.google.android.datatransport:transport-backend-cct:2.3.3] AndroidManifest.xml:25:22-76
32
33    <application
33-->src\main\AndroidManifest.xml:19:5-71:19
34        android:allowBackup="true"
34-->src\main\AndroidManifest.xml:20:9-35
35        android:appComponentFactory="androidx.core.app.CoreComponentFactory"
35-->[androidx.core:core:1.15.0] AndroidManifest.xml:28:18-86
36        android:dataExtractionRules="@xml/data_extraction_rules"
36-->src\main\AndroidManifest.xml:21:9-65
37        android:debuggable="true"
38        android:extractNativeLibs="false"
39        android:fullBackupContent="@xml/backup_rules"
39-->src\main\AndroidManifest.xml:22:9-54
40        android:icon="@mipmap/ic_launcher"
40-->src\main\AndroidManifest.xml:23:9-43
41        android:label="@string/app_name"
41-->src\main\AndroidManifest.xml:24:9-41
42        android:roundIcon="@mipmap/ic_launcher_round"
42-->src\main\AndroidManifest.xml:25:9-54
43        android:supportsRtl="true"
43-->src\main\AndroidManifest.xml:26:9-35
44        android:theme="@style/Theme.QuickScan" >
44-->src\main\AndroidManifest.xml:27:9-47
45        <activity
45-->src\main\AndroidManifest.xml:30:9-40:20
46            android:name="com.apple.quickscan.MainActivity"
46-->src\main\AndroidManifest.xml:31:13-41
47            android:exported="true"
47-->src\main\AndroidManifest.xml:32:13-36
48            android:screenOrientation="portrait"
48-->src\main\AndroidManifest.xml:33:13-49
49            android:theme="@style/Theme.QuickScan"
49-->src\main\AndroidManifest.xml:34:13-51
50            android:windowSoftInputMode="adjustNothing" >
50-->src\main\AndroidManifest.xml:35:13-56
51            <intent-filter>
51-->src\main\AndroidManifest.xml:36:13-39:29
52                <action android:name="android.intent.action.MAIN" />
52-->src\main\AndroidManifest.xml:37:17-69
52-->src\main\AndroidManifest.xml:37:25-66
53
54                <category android:name="android.intent.category.LAUNCHER" />
54-->src\main\AndroidManifest.xml:38:17-77
54-->src\main\AndroidManifest.xml:38:27-74
55            </intent-filter>
56        </activity>
57        <activity
57-->src\main\AndroidManifest.xml:42:9-47:58
58            android:name="com.apple.quickscan.CreateQrActivity"
58-->src\main\AndroidManifest.xml:43:13-45
59            android:exported="false"
59-->src\main\AndroidManifest.xml:44:13-37
60            android:screenOrientation="portrait"
60-->src\main\AndroidManifest.xml:45:13-49
61            android:theme="@style/Theme.QuickScan"
61-->src\main\AndroidManifest.xml:46:13-51
62            android:windowSoftInputMode="adjustResize" />
62-->src\main\AndroidManifest.xml:47:13-55
63        <activity
63-->src\main\AndroidManifest.xml:49:9-53:54
64            android:name="com.apple.quickscan.HistoryActivity"
64-->src\main\AndroidManifest.xml:50:13-44
65            android:exported="false"
65-->src\main\AndroidManifest.xml:51:13-37
66            android:screenOrientation="portrait"
66-->src\main\AndroidManifest.xml:52:13-49
67            android:theme="@style/Theme.QuickScan" />
67-->src\main\AndroidManifest.xml:53:13-51
68        <activity
68-->src\main\AndroidManifest.xml:55:9-59:54
69            android:name="com.apple.quickscan.SettingsActivity"
69-->src\main\AndroidManifest.xml:56:13-45
70            android:exported="false"
70-->src\main\AndroidManifest.xml:57:13-37
71            android:screenOrientation="portrait"
71-->src\main\AndroidManifest.xml:58:13-49
72            android:theme="@style/Theme.QuickScan" />
72-->src\main\AndroidManifest.xml:59:13-51
73
74        <provider
75            android:name="androidx.core.content.FileProvider"
75-->src\main\AndroidManifest.xml:62:13-62
76            android:authorities="com.apple.quickscan.fileprovider"
76-->src\main\AndroidManifest.xml:63:13-64
77            android:exported="false"
77-->src\main\AndroidManifest.xml:64:13-37
78            android:grantUriPermissions="true" >
78-->src\main\AndroidManifest.xml:65:13-47
79            <meta-data
79-->src\main\AndroidManifest.xml:66:13-68:54
80                android:name="android.support.FILE_PROVIDER_PATHS"
80-->src\main\AndroidManifest.xml:67:17-67
81                android:resource="@xml/file_paths" />
81-->src\main\AndroidManifest.xml:68:17-51
82        </provider>
83
84        <service
84-->[androidx.camera:camera-camera2:1.4.1] AndroidManifest.xml:24:9-33:19
85            android:name="androidx.camera.core.impl.MetadataHolderService"
85-->[androidx.camera:camera-camera2:1.4.1] AndroidManifest.xml:25:13-75
86            android:enabled="false"
86-->[androidx.camera:camera-camera2:1.4.1] AndroidManifest.xml:26:13-36
87            android:exported="false" >
87-->[androidx.camera:camera-camera2:1.4.1] AndroidManifest.xml:27:13-37
88            <meta-data
88-->[androidx.camera:camera-camera2:1.4.1] AndroidManifest.xml:30:13-32:89
89                android:name="androidx.camera.core.impl.MetadataHolderService.DEFAULT_CONFIG_PROVIDER"
89-->[androidx.camera:camera-camera2:1.4.1] AndroidManifest.xml:31:17-103
90                android:value="androidx.camera.camera2.Camera2Config$DefaultProvider" />
90-->[androidx.camera:camera-camera2:1.4.1] AndroidManifest.xml:32:17-86
91        </service>
92        <service
92-->[com.google.android.gms:play-services-mlkit-barcode-scanning:18.3.1] AndroidManifest.xml:9:9-15:19
93            android:name="com.google.mlkit.common.internal.MlKitComponentDiscoveryService"
93-->[com.google.android.gms:play-services-mlkit-barcode-scanning:18.3.1] AndroidManifest.xml:10:13-91
94            android:directBootAware="true"
94-->[com.google.mlkit:common:18.11.0] AndroidManifest.xml:17:13-43
95            android:exported="false" >
95-->[com.google.android.gms:play-services-mlkit-barcode-scanning:18.3.1] AndroidManifest.xml:11:13-37
96            <meta-data
96-->[com.google.android.gms:play-services-mlkit-barcode-scanning:18.3.1] AndroidManifest.xml:12:13-14:85
97                android:name="com.google.firebase.components:com.google.mlkit.vision.barcode.internal.BarcodeRegistrar"
97-->[com.google.android.gms:play-services-mlkit-barcode-scanning:18.3.1] AndroidManifest.xml:13:17-120
98                android:value="com.google.firebase.components.ComponentRegistrar" />
98-->[com.google.android.gms:play-services-mlkit-barcode-scanning:18.3.1] AndroidManifest.xml:14:17-82
99            <meta-data
99-->[com.google.mlkit:vision-common:17.3.0] AndroidManifest.xml:12:13-14:85
100                android:name="com.google.firebase.components:com.google.mlkit.vision.common.internal.VisionCommonRegistrar"
100-->[com.google.mlkit:vision-common:17.3.0] AndroidManifest.xml:13:17-124
101                android:value="com.google.firebase.components.ComponentRegistrar" />
101-->[com.google.mlkit:vision-common:17.3.0] AndroidManifest.xml:14:17-82
102            <meta-data
102-->[com.google.mlkit:common:18.11.0] AndroidManifest.xml:20:13-22:85
103                android:name="com.google.firebase.components:com.google.mlkit.common.internal.CommonComponentRegistrar"
103-->[com.google.mlkit:common:18.11.0] AndroidManifest.xml:21:17-120
104                android:value="com.google.firebase.components.ComponentRegistrar" />
104-->[com.google.mlkit:common:18.11.0] AndroidManifest.xml:22:17-82
105        </service>
106
107        <provider
107-->[com.google.mlkit:common:18.11.0] AndroidManifest.xml:9:9-13:38
108            android:name="com.google.mlkit.common.internal.MlKitInitProvider"
108-->[com.google.mlkit:common:18.11.0] AndroidManifest.xml:10:13-78
109            android:authorities="com.apple.quickscan.mlkitinitprovider"
109-->[com.google.mlkit:common:18.11.0] AndroidManifest.xml:11:13-69
110            android:exported="false"
110-->[com.google.mlkit:common:18.11.0] AndroidManifest.xml:12:13-37
111            android:initOrder="99" />
111-->[com.google.mlkit:common:18.11.0] AndroidManifest.xml:13:13-35
112        <provider
112-->[androidx.emoji2:emoji2:1.3.0] AndroidManifest.xml:24:9-32:20
113            android:name="androidx.startup.InitializationProvider"
113-->[androidx.emoji2:emoji2:1.3.0] AndroidManifest.xml:25:13-67
114            android:authorities="com.apple.quickscan.androidx-startup"
114-->[androidx.emoji2:emoji2:1.3.0] AndroidManifest.xml:26:13-68
115            android:exported="false" >
115-->[androidx.emoji2:emoji2:1.3.0] AndroidManifest.xml:27:13-37
116            <meta-data
116-->[androidx.emoji2:emoji2:1.3.0] AndroidManifest.xml:29:13-31:52
117                android:name="androidx.emoji2.text.EmojiCompatInitializer"
117-->[androidx.emoji2:emoji2:1.3.0] AndroidManifest.xml:30:17-75
118                android:value="androidx.startup" />
118-->[androidx.emoji2:emoji2:1.3.0] AndroidManifest.xml:31:17-49
119            <meta-data
119-->[androidx.lifecycle:lifecycle-process:2.6.2] AndroidManifest.xml:29:13-31:52
120                android:name="androidx.lifecycle.ProcessLifecycleInitializer"
120-->[androidx.lifecycle:lifecycle-process:2.6.2] AndroidManifest.xml:30:17-78
121                android:value="androidx.startup" />
121-->[androidx.lifecycle:lifecycle-process:2.6.2] AndroidManifest.xml:31:17-49
122            <meta-data
122-->[androidx.profileinstaller:profileinstaller:1.4.0] AndroidManifest.xml:29:13-31:52
123                android:name="androidx.profileinstaller.ProfileInstallerInitializer"
123-->[androidx.profileinstaller:profileinstaller:1.4.0] AndroidManifest.xml:30:17-85
124                android:value="androidx.startup" />
124-->[androidx.profileinstaller:profileinstaller:1.4.0] AndroidManifest.xml:31:17-49
125        </provider>
126
127        <activity
127-->[com.google.android.gms:play-services-base:18.5.0] AndroidManifest.xml:5:9-173
128            android:name="com.google.android.gms.common.api.GoogleApiActivity"
128-->[com.google.android.gms:play-services-base:18.5.0] AndroidManifest.xml:5:19-85
129            android:exported="false"
129-->[com.google.android.gms:play-services-base:18.5.0] AndroidManifest.xml:5:146-170
130            android:theme="@android:style/Theme.Translucent.NoTitleBar" />
130-->[com.google.android.gms:play-services-base:18.5.0] AndroidManifest.xml:5:86-145
131
132        <meta-data
132-->[com.google.android.gms:play-services-basement:18.4.0] AndroidManifest.xml:6:9-122
133            android:name="com.google.android.gms.version"
133-->[com.google.android.gms:play-services-basement:18.4.0] AndroidManifest.xml:6:20-65
134            android:value="@integer/google_play_services_version" />
134-->[com.google.android.gms:play-services-basement:18.4.0] AndroidManifest.xml:6:66-119
135
136        <receiver
136-->[androidx.profileinstaller:profileinstaller:1.4.0] AndroidManifest.xml:34:9-52:20
137            android:name="androidx.profileinstaller.ProfileInstallReceiver"
137-->[androidx.profileinstaller:profileinstaller:1.4.0] AndroidManifest.xml:35:13-76
138            android:directBootAware="false"
138-->[androidx.profileinstaller:profileinstaller:1.4.0] AndroidManifest.xml:36:13-44
139            android:enabled="true"
139-->[androidx.profileinstaller:profileinstaller:1.4.0] AndroidManifest.xml:37:13-35
140            android:exported="true"
140-->[androidx.profileinstaller:profileinstaller:1.4.0] AndroidManifest.xml:38:13-36
141            android:permission="android.permission.DUMP" >
141-->[androidx.profileinstaller:profileinstaller:1.4.0] AndroidManifest.xml:39:13-57
142            <intent-filter>
142-->[androidx.profileinstaller:profileinstaller:1.4.0] AndroidManifest.xml:40:13-42:29
143                <action android:name="androidx.profileinstaller.action.INSTALL_PROFILE" />
143-->[androidx.profileinstaller:profileinstaller:1.4.0] AndroidManifest.xml:41:17-91
143-->[androidx.profileinstaller:profileinstaller:1.4.0] AndroidManifest.xml:41:25-88
144            </intent-filter>
145            <intent-filter>
145-->[androidx.profileinstaller:profileinstaller:1.4.0] AndroidManifest.xml:43:13-45:29
146                <action android:name="androidx.profileinstaller.action.SKIP_FILE" />
146-->[androidx.profileinstaller:profileinstaller:1.4.0] AndroidManifest.xml:44:17-85
146-->[androidx.profileinstaller:profileinstaller:1.4.0] AndroidManifest.xml:44:25-82
147            </intent-filter>
148            <intent-filter>
148-->[androidx.profileinstaller:profileinstaller:1.4.0] AndroidManifest.xml:46:13-48:29
149                <action android:name="androidx.profileinstaller.action.SAVE_PROFILE" />
149-->[androidx.profileinstaller:profileinstaller:1.4.0] AndroidManifest.xml:47:17-88
149-->[androidx.profileinstaller:profileinstaller:1.4.0] AndroidManifest.xml:47:25-85
150            </intent-filter>
151            <intent-filter>
151-->[androidx.profileinstaller:profileinstaller:1.4.0] AndroidManifest.xml:49:13-51:29
152                <action android:name="androidx.profileinstaller.action.BENCHMARK_OPERATION" />
152-->[androidx.profileinstaller:profileinstaller:1.4.0] AndroidManifest.xml:50:17-95
152-->[androidx.profileinstaller:profileinstaller:1.4.0] AndroidManifest.xml:50:25-92
153            </intent-filter>
154        </receiver>
155
156        <service
156-->[com.google.android.datatransport:transport-backend-cct:2.3.3] AndroidManifest.xml:29:9-35:19
157            android:name="com.google.android.datatransport.runtime.backends.TransportBackendDiscovery"
157-->[com.google.android.datatransport:transport-backend-cct:2.3.3] AndroidManifest.xml:30:13-103
158            android:exported="false" >
158-->[com.google.android.datatransport:transport-backend-cct:2.3.3] AndroidManifest.xml:31:13-37
159            <meta-data
159-->[com.google.android.datatransport:transport-backend-cct:2.3.3] AndroidManifest.xml:32:13-34:39
160                android:name="backend:com.google.android.datatransport.cct.CctBackendFactory"
160-->[com.google.android.datatransport:transport-backend-cct:2.3.3] AndroidManifest.xml:33:17-94
161                android:value="cct" />
161-->[com.google.android.datatransport:transport-backend-cct:2.3.3] AndroidManifest.xml:34:17-36
162        </service>
163        <service
163-->[com.google.android.datatransport:transport-runtime:2.2.6] AndroidManifest.xml:26:9-30:19
164            android:name="com.google.android.datatransport.runtime.scheduling.jobscheduling.JobInfoSchedulerService"
164-->[com.google.android.datatransport:transport-runtime:2.2.6] AndroidManifest.xml:27:13-117
165            android:exported="false"
165-->[com.google.android.datatransport:transport-runtime:2.2.6] AndroidManifest.xml:28:13-37
166            android:permission="android.permission.BIND_JOB_SERVICE" >
166-->[com.google.android.datatransport:transport-runtime:2.2.6] AndroidManifest.xml:29:13-69
167        </service>
168
169        <receiver
169-->[com.google.android.datatransport:transport-runtime:2.2.6] AndroidManifest.xml:32:9-34:40
170            android:name="com.google.android.datatransport.runtime.scheduling.jobscheduling.AlarmManagerSchedulerBroadcastReceiver"
170-->[com.google.android.datatransport:transport-runtime:2.2.6] AndroidManifest.xml:33:13-132
171            android:exported="false" />
171-->[com.google.android.datatransport:transport-runtime:2.2.6] AndroidManifest.xml:34:13-37
172    </application>
173
174</manifest>